<?xml version="1.0" encoding="UTF-8"?>
<!-- Generated by org.testng.reporters.JUnitReportReporter -->
<testsuite skipped="0" hostname="chetan-PC" name="com.gridtest.ChromeGridTest" tests="1" failures="0" timestamp="30 Nov 2018 18:28:13 GMT" time="112.972" errors="0">
  <testcase name="runFirefox" time="112.972" classname="com.gridtest.ChromeGridTest"/>
</testsuite> <!-- com.gridtest.ChromeGridTest -->
